{
  "RSpec": {
    "coverage": {
      "/Users/djensen/Projects/Praxis/attributor/lib/attributor.rb": [
        1,
        1,
        null,
        1,
        null,
        1,
        null,
        1,
        1,
        null,
        1,
        1,
        1,
        1,
        1,
        1,
        1,
        null,
        1,
        null,
        1,
        null,
        null,
        1,
        1,
        null,
        null,
        null,
        1,
        1170,
        null,
        1170,
        1062,
        null,
        1062,
        null,
        null,
        1,
        1170,
        418,
        null,
        418,
        418,
        418,
        418,
        null,
        null,
        1,
        185,
        null,
        396,
        null,
        null,
        1,
        2817,
        null,
        2817,
        null,
        2817,
        0,
        null,
        null,
        2817,
        2817,
        0,
        0,
        null,
        null,
        null,
        1,
        41,
        41,
        41,
        null,
        null,
        1,
        1,
        null,
        1,
        1,
        null,
        1,
        1,
        null,
        1,
        1,
        1,
        1,
        1,
        1,
        1,
        1,
        1,
        1,
        1,
        1,
        1,
        1,
        1,
        1,
        null,
        1,
        1,
        null,
        null,
        1,
        1,
        1,
        null
      ],
      "/Users/djensen/Projects/Praxis/attributor/lib/attributor/dumpable.rb": [
        1,
        1,
        null,
        null,
        null,
        1,
        1,
        null,
        null,
        null
      ],
      "/Users/djensen/Projects/Praxis/attributor/lib/attributor/exceptions.rb": [
        1,
        1,
        null,
        null,
        1,
        null,
        null,
        1,
        1,
        11,
        null,
        null,
        null,
        1,
        1,
        8,
        8,
        8,
        null,
        null,
        null,
        1,
        1,
        27,
        27,
        27,
        null,
        null,
        null,
        1,
        1,
        0,
        0,
        0,
        null,
        null,
        null,
        null,
        1,
        null,
        null,
        null
      ],
      "/Users/djensen/Projects/Praxis/attributor/lib/attributor/attribute.rb": [
        null,
        null,
        1,
        1,
        1,
        0,
        null,
        null,
        1,
        1,
        null,
        null,
        null,
        null,
        null,
        1,
        2,
        null,
        null,
        null,
        null,
        1,
        1,
        null,
        null,
        null,
        1,
        951,
        null,
        951,
        951,
        null,
        951,
        null,
        null,
        1,
        1,
        null,
        null,
        1,
        null,
        null,
        1,
        1,
        null,
        1,
        1,
        null,
        null,
        1,
        11368,
        null,
        11364,
        42,
        42,
        null,
        4,
        null,
        4,
        1,
        3,
        2,
        null,
        1,
        null,
        null,
        38,
        null,
        42,
        null,
        null,
        11364,
        null,
        4,
        null,
        0,
        null,
        null,
        1,
        2625,
        null,
        null,
        1,
        null,
        965,
        6,
        6,
        6,
        6,
        null,
        959,
        null,
        null,
        1,
        1,
        null,
        1,
        81,
        null,
        81,
        567,
        null,
        null,
        null,
        81,
        15,
        null,
        null,
        81,
        81,
        81,
        19,
        null,
        null,
        81,
        0,
        null,
        null,
        81,
        null,
        81,
        30,
        null,
        null,
        81,
        null,
        null,
        1,
        864,
        864,
        null,
        438,
        null,
        149,
        4,
        145,
        144,
        null,
        1,
        null,
        null,
        0,
        null,
        277,
        null,
        864,
        null,
        null,
        1,
        2715,
        2715,
        2705,
        2705,
        2705,
        null,
        10,
        null,
        null,
        2715,
        857,
        857,
        857,
        856,
        null,
        null,
        1858,
        null,
        1830,
        578,
        null,
        1252,
        null,
        null,
        null,
        1,
        2362,
        null,
        null,
        null,
        1,
        984,
        null,
        null,
        984,
        null,
        null,
        21,
        null,
        null,
        null,
        null,
        963,
        null,
        null,
        963,
        null,
        958,
        5,
        null,
        null,
        958,
        null,
        null,
        1,
        34,
        null,
        null,
        34,
        null,
        null,
        null,
        32,
        32,
        null,
        13,
        null,
        5,
        5,
        null,
        null,
        8,
        8,
        null,
        null,
        0,
        null,
        null,
        null,
        13,
        13,
        null,
        null,
        13,
        7,
        null,
        null,
        7,
        4,
        null,
        null,
        7,
        4,
        null,
        3,
        7,
        null,
        7,
        null,
        6,
        null,
        null,
        null,
        1,
        950,
        245,
        95,
        2,
        null,
        null,
        null,
        945,
        null,
        null,
        null,
        1,
        245,
        null,
        10,
        null,
        53,
        52,
        null,
        28,
        null,
        10,
        10,
        null,
        8,
        8,
        null,
        37,
        0,
        null,
        null,
        4,
        null,
        95,
        null,
        null,
        148,
        null,
        null,
        null
      ],
      "/Users/djensen/Projects/Praxis/attributor/lib/attributor/type.rb": [
        1,
        null,
        null,
        1,
        1,
        44,
        null,
        null,
        1,
        null,
        1,
        1062,
        null,
        null,
        null,
        1,
        3,
        null,
        null,
        1,
        3,
        2,
        null,
        1,
        null,
        null,
        null,
        null,
        1,
        561,
        502,
        2,
        null,
        null,
        500,
        null,
        null,
        null,
        1,
        1145,
        null,
        null,
        null,
        null,
        1,
        951,
        951,
        1691,
        null,
        14,
        null,
        9,
        null,
        42,
        null,
        null,
        951,
        null,
        null,
        null,
        1,
        966,
        null,
        1,
        null,
        null,
        null,
        1,
        1,
        null,
        null,
        null,
        null,
        1,
        25,
        null,
        8,
        null,
        12,
        null,
        null,
        4,
        null,
        1,
        null,
        null,
        24,
        null,
        null,
        1,
        0,
        null,
        null,
        1,
        0,
        null,
        null,
        null,
        1,
        0,
        null,
        0,
        0,
        null,
        null,
        null,
        1,
        179,
        179,
        null,
        null,
        null,
        null,
        179,
        179,
        179,
        null,
        null,
        1,
        183,
        155,
        null,
        null,
        1,
        14,
        null,
        null,
        null,
        null
      ],
      "/Users/djensen/Projects/Praxis/attributor/lib/attributor/dsl_compiler.rb": [
        null,
        1,
        null,
        null,
        null,
        null,
        null,
        null,
        null,
        null,
        null,
        1,
        1,
        null,
        1,
        143,
        143,
        null,
        null,
        1,
        128,
        265,
        120,
        null,
        null,
        1,
        446,
        446,
        null,
        0,
        null,
        null,
        null,
        1,
        99,
        99,
        null,
        null,
        1,
        348,
        1,
        null,
        347,
        null,
        null,
        1,
        14,
        2,
        null,
        14,
        14,
        14,
        14,
        14,
        null,
        null,
        null,
        null,
        null,
        null,
        null,
        null,
        null,
        null,
        null,
        null,
        null,
        null,
        null,
        null,
        null,
        null,
        null,
        null,
        null,
        null,
        null,
        null,
        null,
        1,
        446,
        null,
        null,
        446,
        2,
        1,
        1,
        null,
        null,
        null,
        null,
        445,
        445,
        444,
        444,
        12,
        12,
        12,
        12,
        null,
        null,
        null,
        null,
        445,
        18,
        null,
        null,
        7,
        7,
        null,
        1,
        1,
        null,
        6,
        null,
        11,
        10,
        null,
        1,
        null,
        null,
        null,
        444,
        null,
        null,
        null
      ],
      "/Users/djensen/Projects/Praxis/attributor/lib/attributor/hash_dsl_compiler.rb": [
        1,
        null,
        1,
        1,
        null,
        null,
        1,
        1,
        1,
        1,
        1,
        null,
        1,
        168,
        168,
        168,
        null,
        35,
        null,
        27,
        null,
        106,
        null,
        null,
        null,
        1,
        165,
        165,
        null,
        null,
        1,
        24,
        24,
        null,
        13,
        13,
        4,
        6,
        null,
        null,
        null,
        3,
        3,
        3,
        null,
        null,
        3,
        3,
        2,
        2,
        null,
        null,
        3,
        3,
        3,
        3,
        null,
        null,
        2,
        2,
        2,
        null,
        null,
        24,
        null,
        null,
        1,
        149,
        149,
        149,
        149,
        null,
        null,
        null,
        null,
        null,
        null,
        null,
        null,
        null,
        null,
        null,
        1,
        1,
        1,
        1,
        45,
        45,
        null,
        null,
        1,
        33,
        33,
        33,
        null,
        null,
        1,
        26,
        26,
        26,
        null,
        null,
        1,
        43,
        43,
        43,
        null,
        null,
        1,
        26,
        26,
        26,
        null,
        null,
        1,
        25,
        25,
        25,
        null,
        null,
        null,
        1,
        135,
        null,
        null,
        1,
        132,
        128,
        128,
        7,
        null,
        121,
        null,
        null,
        4,
        null,
        null,
        null,
        null
      ],
      "/Users/djensen/Projects/Praxis/attributor/lib/attributor/attribute_resolver.rb": [
        1,
        null,
        1,
        1,
        1,
        1,
        null,
        1,
        1,
        null,
        null,
        1,
        null,
        1,
        680,
        null,
        null,
        1,
        null,
        null,
        null,
        40,
        null,
        34,
        null,
        null,
        null,
        40,
        null,
        null,
        null,
        null,
        null,
        null,
        null,
        null,
        null,
        40,
        99,
        99,
        4,
        null,
        95,
        null,
        null,
        37,
        null,
        null,
        null,
        null,
        null,
        null,
        null,
        null,
        null,
        1,
        40,
        null,
        3,
        null,
        null,
        1,
        28,
        0,
        null,
        null,
        28,
        null,
        null,
        null,
        null,
        null,
        null,
        null,
        null,
        null,
        null,
        null,
        null,
        null,
        null,
        1,
        26,
        null,
        null,
        26,
        null,
        22,
        null,
        15,
        null,
        null,
        3,
        null,
        3,
        null,
        1,
        null,
        null,
        null,
        null,
        1,
        1326,
        null,
        null,
        1,
        26,
        26,
        null,
        null,
        null
      ],
      "/Users/djensen/Projects/Praxis/attributor/lib/attributor/smart_attribute_selector.rb": [
        1,
        1,
        1,
        1,
        null,
        1,
        669,
        669,
        669,
        669,
        712,
        null,
        null,
        1,
        651,
        651,
        651,
        651,
        651,
        null,
        651,
        651,
        651,
        651,
        null,
        null,
        1,
        653,
        29,
        10,
        10,
        null,
        19,
        null,
        null,
        null,
        null,
        1,
        652,
        null,
        22,
        null,
        14,
        null,
        8,
        null,
        null,
        null,
        null,
        1,
        651,
        8,
        7,
        null,
        1,
        null,
        null,
        null,
        null,
        1,
        651,
        1,
        1,
        null,
        0,
        null,
        null,
        null,
        null,
        1,
        651,
        8,
        0,
        null,
        8,
        null,
        null,
        null,
        null,
        null,
        null,
        1,
        20,
        null,
        20,
        20,
        null,
        20,
        18,
        null,
        2,
        null,
        19,
        19,
        null,
        null,
        1,
        11,
        11,
        null,
        11,
        10,
        null,
        1,
        null,
        null,
        11,
        1,
        null,
        10,
        10,
        null,
        null,
        1,
        3,
        3,
        3,
        null,
        3,
        3,
        null,
        0,
        null,
        null,
        3,
        3,
        null,
        null,
        1,
        3,
        3,
        null,
        3,
        3,
        null,
        0,
        null,
        null,
        3,
        1,
        null,
        null,
        2,
        2,
        null,
        null,
        null,
        null,
        null
      ],
      "/Users/djensen/Projects/Praxis/attributor/lib/attributor/example_mixin.rb": [
        null,
        null,
        null,
        1,
        1,
        1,
        650,
        631,
        2305,
        2174,
        null,
        null,
        null,
        null,
        null,
        1,
        6904,
        null,
        null,
        1,
        650,
        null,
        null,
        1,
        6,
        1,
        1,
        null,
        null,
        6,
        null,
        null,
        1,
        2199,
        2199,
        null,
        null,
        1,
        2,
        null,
        null,
        1,
        null,
        1,
        1,
        null,
        null,
        1,
        1,
        null,
        null,
        1,
        1,
        null,
        null,
        1,
        4,
        null,
        null,
        1,
        2,
        null,
        null,
        1,
        2200,
        null,
        2200,
        2042,
        2038,
        2038,
        null,
        null,
        null,
        2200,
        null,
        null,
        1,
        574,
        1949,
        null,
        null,
        574,
        null,
        null,
        1,
        12,
        24,
        24,
        null,
        null,
        12,
        null,
        null,
        null
      ],
      "/Users/djensen/Projects/Praxis/attributor/lib/attributor/extensions/randexp.rb": [
        1,
        null,
        1,
        1,
        null,
        1,
        153,
        null,
        null,
        1,
        2,
        null,
        null
      ],
      "/Users/djensen/Projects/Praxis/attributor/lib/attributor/families/numeric.rb": [
        null,
        null,
        1,
        1,
        1,
        null,
        1,
        0,
        null,
        null,
        1,
        16,
        null,
        null,
        null
      ],
      "/Users/djensen/Projects/Praxis/attributor/lib/attributor/families/temporal.rb": [
        null,
        null,
        1,
        1,
        1,
        null,
        1,
        1,
        null,
        null,
        1,
        13,
        null,
        null,
        1,
        294,
        null,
        null,
        null
      ],
      "/Users/djensen/Projects/Praxis/attributor/lib/attributor/types/container.rb": [
        1,
        1,
        null,
        1,
        7,
        7,
        null,
        7,
        null,
        null,
        1,
        1,
        0,
        null,
        null,
        null,
        null,
        null,
        null,
        null,
        1,
        21,
        null,
        null,
        18,
        13,
        2,
        null,
        null,
        11,
        null,
        5,
        null,
        null,
        null,
        null
      ],
      "/Users/djensen/Projects/Praxis/attributor/lib/attributor/types/object.rb": [
        null,
        null,
        1,
        null,
        1,
        1,
        1,
        null,
        1,
        813,
        null,
        null,
        1,
        219,
        null,
        null,
        null
      ],
      "/Users/djensen/Projects/Praxis/attributor/lib/attributor/types/bigdecimal.rb": [
        1,
        null,
        1,
        1,
        1,
        12,
        null,
        null,
        1,
        1,
        null,
        null,
        1,
        12,
        11,
        11,
        6,
        null,
        null,
        null
      ],
      "/Users/djensen/Projects/Praxis/attributor/lib/attributor/types/integer.rb": [
        null,
        null,
        1,
        1,
        1,
        null,
        1,
        19,
        null,
        null,
        1,
        489,
        null,
        null,
        480,
        42,
        42,
        438,
        60,
        60,
        378,
        264,
        264,
        null,
        114,
        114,
        null,
        null,
        null,
        480,
        null,
        null,
        1,
        545,
        null,
        20,
        null,
        null,
        1,
        489,
        null,
        119,
        null,
        null,
        115,
        370,
        null,
        62,
        308,
        null,
        266,
        null,
        null,
        480,
        null,
        null,
        null
      ],
      "/Users/djensen/Projects/Praxis/attributor/lib/attributor/types/string.rb": [
        1,
        1,
        1,
        null,
        1,
        603,
        null,
        null,
        1,
        1698,
        1,
        null,
        null,
        1697,
        null,
        1,
        null,
        null,
        1,
        25,
        2,
        null,
        2,
        1,
        1,
        null,
        null,
        23,
        null,
        null,
        null,
        1,
        82,
        null,
        null,
        null
      ],
      "/Users/djensen/Projects/Praxis/attributor/lib/attributor/types/symbol.rb": [
        1,
        1,
        1,
        null,
        1,
        4,
        null,
        null,
        1,
        4562,
        null,
        17,
        null,
        null,
        1,
        0,
        null,
        null,
        1,
        40,
        null,
        null,
        null
      ],
      "/Users/djensen/Projects/Praxis/attributor/lib/attributor/types/boolean.rb": [
        null,
        null,
        1,
        null,
        1,
        1,
        1,
        null,
        1,
        44,
        null,
        null,
        1,
        3,
        null,
        null,
        1,
        105,
        null,
        85,
        84,
        65,
        4,
        null,
        null,
        1,
        2,
        null,
        null,
        null
      ],
      "/Users/djensen/Projects/Praxis/attributor/lib/attributor/types/time.rb": [
        1,
        null,
        1,
        1,
        1,
        null,
        1,
        20,
        null,
        null,
        1,
        2,
        null,
        null,
        1,
        19,
        16,
        null,
        15,
        null,
        14,
        null,
        null,
        1,
        14,
        null,
        0,
        null,
        14,
        14,
        5,
        5,
        null,
        null,
        0,
        null,
        null,
        null,
        null
      ],
      "/Users/djensen/Projects/Praxis/attributor/lib/attributor/types/date.rb": [
        1,
        null,
        1,
        1,
        1,
        22,
        null,
        null,
        1,
        2,
        null,
        null,
        1,
        21,
        18,
        null,
        17,
        null,
        16,
        null,
        16,
        16,
        7,
        7,
        null,
        null,
        0,
        null,
        null,
        null,
        null
      ],
      "/Users/djensen/Projects/Praxis/attributor/lib/attributor/types/date_time.rb": [
        null,
        null,
        1,
        null,
        1,
        null,
        1,
        1,
        1,
        1183,
        null,
        null,
        1,
        149,
        null,
        null,
        1,
        null,
        1034,
        24,
        23,
        null,
        null,
        22,
        22,
        7,
        7,
        null,
        null,
        null,
        null
      ],
      "/Users/djensen/Projects/Praxis/attributor/lib/attributor/types/regexp.rb": [
        1,
        null,
        1,
        1,
        1,
        null,
        1,
        1,
        null,
        null,
        1,
        3,
        0,
        null,
        null,
        3,
        null,
        0,
        null,
        null,
        1,
        1,
        null,
        null,
        1,
        2,
        null,
        null,
        null
      ],
      "/Users/djensen/Projects/Praxis/attributor/lib/attributor/types/float.rb": [
        null,
        null,
        null,
        1,
        1,
        1,
        null,
        1,
        228,
        null,
        null,
        1,
        204,
        204,
        null,
        204,
        null,
        null,
        1,
        711,
        null,
        20,
        null,
        null,
        1,
        4,
        null,
        null,
        null
      ],
      "/Users/djensen/Projects/Praxis/attributor/lib/attributor/types/collection.rb": [
        null,
        null,
        null,
        1,
        1,
        1,
        1,
        null,
        null,
        null,
        null,
        null,
        null,
        1,
        48,
        48,
        0,
        null,
        48,
        48,
        null,
        null,
        null,
        1,
        null,
        1,
        53,
        53,
        null,
        null,
        null,
        1,
        1,
        null,
        null,
        1,
        1,
        null,
        null,
        1,
        8,
        null,
        null,
        1,
        26,
        null,
        null,
        1,
        47,
        null,
        null,
        1,
        null,
        29,
        null,
        29,
        2572,
        null,
        null,
        null,
        null,
        null,
        1,
        649,
        649,
        649,
        null,
        649,
        649,
        null,
        null,
        649,
        649,
        null,
        649,
        656,
        656,
        null,
        null,
        649,
        null,
        null,
        null,
        null,
        1,
        1286,
        1284,
        1274,
        10,
        5,
        5,
        0,
        null,
        5,
        null,
        null,
        2547,
        null,
        null,
        1,
        0,
        null,
        null,
        1,
        627,
        1225,
        null,
        null,
        1,
        11,
        11,
        11,
        8,
        8,
        null,
        11,
        11,
        null,
        null,
        1,
        16,
        null,
        null,
        1,
        45,
        45,
        5,
        null,
        null,
        null,
        null,
        45,
        null,
        null,
        45,
        null,
        45,
        null,
        null,
        1,
        null,
        15,
        null,
        null,
        null,
        0,
        null,
        null,
        15,
        null,
        null,
        null,
        1,
        5,
        null,
        5,
        1,
        null,
        null,
        4,
        null,
        null,
        1,
        0,
        0,
        null,
        null,
        1,
        null,
        12,
        12,
        4,
        null,
        null,
        1,
        4,
        null,
        null,
        null
      ],
      "/Users/djensen/Projects/Praxis/attributor/lib/attributor/types/hash.rb": [
        1,
        1,
        1,
        8,
        1,
        null,
        7,
        null,
        null,
        8,
        8,
        8,
        null,
        null,
        1,
        null,
        null,
        1,
        1,
        1,
        null,
        1,
        1,
        1,
        null,
        1,
        1,
        1,
        1,
        1,
        1,
        1,
        null,
        null,
        1,
        1,
        null,
        1,
        1,
        null,
        1,
        1,
        null,
        1,
        75,
        75,
        75,
        null,
        null,
        1,
        91,
        91,
        91,
        null,
        null,
        1,
        380,
        null,
        null,
        1,
        1,
        1,
        null,
        1,
        111,
        111,
        null,
        111,
        111,
        111,
        111,
        111,
        111,
        111,
        111,
        111,
        null,
        111,
        null,
        null,
        null,
        1,
        3613,
        null,
        3608,
        null,
        null,
        1,
        11133,
        null,
        11133,
        151,
        151,
        10982,
        106,
        null,
        11125,
        null,
        null,
        1,
        718,
        20,
        null,
        718,
        null,
        null,
        1,
        128,
        null,
        null,
        null,
        null,
        128,
        128,
        128,
        null,
        120,
        2,
        6,
        null,
        null,
        null,
        8,
        8,
        null,
        null,
        1,
        129,
        null,
        null,
        1,
        2,
        null,
        null,
        1,
        33,
        null,
        null,
        null,
        1,
        75,
        75,
        75,
        75,
        null,
        null,
        null,
        1,
        54,
        null,
        null,
        1,
        149,
        149,
        57,
        57,
        1,
        null,
        null,
        null,
        null,
        1,
        132,
        null,
        78,
        null,
        33,
        null,
        null,
        45,
        0,
        null,
        null,
        45,
        45,
        null,
        null,
        null,
        null,
        1,
        650,
        650,
        null,
        null,
        null,
        null,
        650,
        650,
        650,
        null,
        0,
        null,
        null,
        3009,
        2350,
        null,
        241,
        null,
        null,
        2283,
        2283,
        2063,
        2043,
        null,
        2063,
        null,
        null,
        2283,
        null,
        null,
        650,
        null,
        null,
        1,
        25,
        null,
        22,
        22,
        null,
        22,
        19,
        19,
        null,
        19,
        null,
        3,
        null,
        3,
        5,
        5,
        5,
        null,
        null,
        3,
        null,
        null,
        22,
        null,
        null,
        1,
        574,
        573,
        null,
        null,
        null,
        1,
        18,
        null,
        0,
        null,
        0,
        null,
        2,
        1,
        null,
        1,
        null,
        15,
        null,
        1,
        null,
        null,
        null,
        1,
        1877,
        null,
        1877,
        143,
        null,
        131,
        null,
        128,
        45,
        null,
        null,
        1,
        131,
        6,
        125,
        4,
        121,
        112,
        9,
        7,
        2,
        0,
        null,
        2,
        null,
        null,
        null,
        1,
        45,
        null,
        26,
        24,
        null,
        null,
        null,
        1,
        187,
        null,
        null,
        1,
        2209,
        null,
        null,
        1,
        2206,
        null,
        2206,
        2204,
        null,
        null,
        2204,
        2203,
        2203,
        2199,
        null,
        null,
        1,
        0,
        0,
        null,
        null,
        1,
        1,
        1,
        null,
        1,
        1,
        null,
        null,
        null,
        null,
        0,
        null,
        null,
        1,
        2,
        2,
        2,
        2,
        0,
        0,
        0,
        0,
        null,
        null,
        null,
        null,
        null,
        1,
        195,
        null,
        195,
        11,
        null,
        null,
        184,
        158,
        null,
        null,
        26,
        2,
        2,
        null,
        null,
        24,
        16,
        null,
        11,
        null,
        11,
        2,
        2,
        null,
        null,
        11,
        null,
        null,
        null,
        8,
        null,
        null,
        1,
        82,
        null,
        null,
        null,
        null,
        null,
        82,
        9,
        9,
        9,
        null,
        null,
        82,
        148,
        null,
        145,
        145,
        null,
        null,
        null,
        74,
        261,
        133,
        133,
        133,
        null,
        null,
        74,
        null,
        null,
        1,
        13,
        null,
        13,
        0,
        null,
        null,
        13,
        null,
        null,
        1,
        46,
        null,
        46,
        null,
        46,
        null,
        44,
        18,
        null,
        18,
        55,
        55,
        55,
        null,
        18,
        21,
        21,
        null,
        5,
        5,
        null,
        21,
        null,
        null,
        18,
        1,
        null,
        null,
        null,
        2,
        2,
        null,
        null,
        46,
        null,
        null,
        null,
        1,
        null,
        1,
        53,
        null,
        null,
        1,
        0,
        null,
        null,
        1,
        241,
        null,
        null,
        1,
        0,
        null,
        null,
        1,
        null,
        1,
        0,
        null,
        null,
        1,
        7,
        null,
        null,
        1,
        1,
        null,
        null,
        1,
        1,
        null,
        null,
        1,
        268,
        null,
        1,
        null,
        1,
        5,
        null,
        2,
        null,
        1,
        null,
        2,
        null,
        null,
        null,
        1,
        0,
        null,
        null,
        1,
        null,
        1,
        118,
        118,
        null,
        118,
        null,
        null,
        1,
        5,
        null,
        null,
        1,
        5,
        null,
        null,
        1,
        20,
        null,
        null,
        1,
        18,
        null,
        null,
        1,
        18,
        null,
        null,
        1,
        15,
        null,
        15,
        11,
        null,
        4,
        null,
        null,
        null,
        1,
        11,
        11,
        null,
        0,
        0,
        null,
        null,
        11,
        11,
        null,
        11,
        39,
        null,
        39,
        39,
        null,
        39,
        2,
        null,
        null,
        39,
        null,
        11,
        11,
        11,
        null,
        11,
        null,
        null,
        1,
        4,
        null,
        5,
        1,
        1,
        null,
        null,
        5,
        4,
        4,
        null,
        null,
        null,
        null,
        1,
        9,
        9,
        null,
        9,
        19,
        null,
        19,
        7,
        null,
        12,
        null,
        null,
        19,
        null,
        null,
        9,
        null,
        null,
        null
      ],
      "/Users/djensen/Projects/Praxis/attributor/lib/attributor/types/model.rb": [
        1,
        1,
        null,
        1,
        1,
        1,
        1,
        null,
        0,
        null,
        null,
        1,
        null,
        0,
        null,
        null,
        null,
        null,
        null,
        1,
        1,
        1,
        1,
        null,
        1,
        1,
        null,
        1,
        1,
        null,
        1,
        64,
        64,
        null,
        64,
        64,
        null,
        64,
        64,
        64,
        64,
        64,
        64,
        null,
        64,
        64,
        null,
        64,
        64,
        null,
        null,
        null,
        null,
        null,
        null,
        null,
        1,
        21,
        21,
        21,
        null,
        null,
        1,
        21,
        null,
        null,
        null,
        null,
        null,
        null,
        1,
        21,
        21,
        21,
        24,
        null,
        null,
        null,
        null,
        1,
        35,
        null,
        28,
        28,
        null,
        7,
        null,
        0,
        null,
        0,
        null,
        0,
        null,
        null,
        null,
        1,
        4701,
        null,
        null,
        1,
        633,
        633,
        null,
        633,
        631,
        631,
        null,
        631,
        null,
        2,
        null,
        633,
        null,
        null,
        1,
        709,
        6,
        6,
        null,
        703,
        null,
        null,
        null,
        null,
        null,
        null,
        1,
        18,
        18,
        null,
        18,
        18,
        18,
        null,
        18,
        70,
        null,
        70,
        70,
        null,
        70,
        9,
        null,
        null,
        66,
        null,
        18,
        8,
        8,
        null,
        null,
        18,
        null,
        18,
        null,
        null,
        1,
        600,
        null,
        null,
        1,
        14,
        14,
        null,
        14,
        null,
        14,
        null,
        null,
        1,
        24,
        24,
        null,
        24,
        21,
        21,
        null,
        null,
        1,
        null,
        null,
        1,
        577,
        575,
        null,
        575,
        1943,
        null,
        null,
        1943,
        0,
        0,
        null,
        null,
        1943,
        null,
        null,
        577,
        null,
        null,
        null
      ],
      "/Users/djensen/Projects/Praxis/attributor/lib/attributor/types/struct.rb": [
        null,
        1,
        1,
        1,
        37,
        null,
        null,
        null,
        1,
        null,
        null,
        null,
        56,
        0,
        null,
        null,
        null,
        null,
        null,
        56,
        null,
        36,
        13,
        3,
        null,
        null,
        null,
        36,
        36,
        null,
        null,
        null,
        1,
        null,
        26,
        null,
        25,
        null,
        null,
        null,
        1,
        5,
        5,
        null,
        null,
        null
      ],
      "/Users/djensen/Projects/Praxis/attributor/lib/attributor/types/class.rb": [
        1,
        null,
        1,
        null,
        1,
        1,
        1,
        null,
        1,
        14,
        null,
        null,
        1,
        13,
        9,
        null,
        null,
        7,
        1,
        null,
        null,
        6,
        6,
        null,
        null,
        6,
        1,
        null,
        null,
        null,
        5,
        null,
        null,
        1,
        2,
        null,
        null,
        null,
        null,
        null,
        null,
        null,
        null,
        null,
        null,
        1,
        4,
        4,
        null,
        null,
        null,
        1,
        2,
        null,
        null,
        null
      ],
      "/Users/djensen/Projects/Praxis/attributor/lib/attributor/types/polymorphic.rb": [
        1,
        null,
        1,
        null,
        1,
        1,
        1,
        null,
        1,
        1,
        1,
        null,
        null,
        1,
        23,
        23,
        null,
        null,
        null,
        1,
        69,
        null,
        null,
        1,
        23,
        23,
        null,
        null,
        null,
        1,
        3,
        null,
        null,
        1,
        5,
        null,
        null,
        1,
        1,
        null,
        null,
        1,
        1,
        null,
        null,
        1,
        1,
        null,
        1,
        1,
        null,
        null,
        1,
        16,
        null,
        16,
        null,
        10,
        null,
        10,
        null,
        9,
        1,
        null,
        8,
        null,
        null,
        1,
        10,
        null,
        3,
        null,
        0,
        null,
        3,
        null,
        null,
        3,
        null,
        1,
        null,
        null,
        1,
        1,
        1,
        null,
        null,
        null,
        1,
        10,
        0,
        10,
        0,
        10,
        10,
        0,
        0,
        0,
        0,
        null,
        0,
        null,
        null,
        null,
        1,
        6,
        null,
        null,
        null,
        null,
        null,
        1,
        6,
        18,
        null,
        null,
        null,
        null
      ],
      "/Users/djensen/Projects/Praxis/attributor/lib/attributor/types/csv.rb": [
        1,
        1,
        1,
        5,
        null,
        null,
        1,
        5,
        null,
        1,
        null,
        12,
        null,
        null,
        null,
        0,
        0,
        0,
        0,
        null,
        0,
        null,
        null,
        null,
        1,
        5,
        5,
        null,
        null,
        1,
        2,
        2,
        2,
        2,
        null,
        null,
        1,
        4,
        null,
        null,
        null
      ],
      "/Users/djensen/Projects/Praxis/attributor/lib/attributor/types/ids.rb": [
        1,
        1,
        1,
        3,
        0,
        null,
        null,
        3,
        0,
        null,
        null,
        3,
        3,
        3,
        null,
        null,
        null,
        1,
        1,
        null,
        null,
        null
      ],
      "/Users/djensen/Projects/Praxis/attributor/lib/attributor/types/tempfile.rb": [
        1,
        null,
        1,
        1,
        1,
        null,
        1,
        0,
        null,
        null,
        1,
        0,
        0,
        0,
        0,
        0,
        null,
        null,
        1,
        0,
        null,
        null,
        1,
        null,
        0,
        null,
        0,
        null,
        0,
        0,
        0,
        0,
        null,
        null,
        0,
        null,
        null,
        1,
        1,
        null,
        null,
        null
      ],
      "/Users/djensen/Projects/Praxis/attributor/lib/attributor/types/file_upload.rb": [
        1,
        1,
        1,
        0,
        0,
        0,
        0,
        0,
        null,
        null,
        null
      ],
      "/Users/djensen/Projects/Praxis/attributor/lib/attributor/types/uri.rb": [
        null,
        1,
        null,
        1,
        1,
        1,
        null,
        1,
        1,
        null,
        null,
        1,
        0,
        null,
        0,
        null,
        0,
        null,
        null,
        null,
        1,
        4,
        null,
        null,
        1,
        2,
        null,
        null,
        1,
        4,
        3,
        null,
        1,
        null,
        1,
        null,
        1,
        null,
        null,
        null,
        1,
        1,
        null,
        null,
        1,
        3,
        null,
        3,
        2,
        1,
        null,
        null,
        3,
        null,
        null,
        1,
        5,
        null,
        4,
        1,
        null,
        3,
        null,
        1,
        null,
        null,
        null,
        null,
        null,
        1,
        1,
        2,
        null,
        null
      ],
      "/Users/djensen/Projects/Praxis/attributor/lib/attributor/extras/field_selector.rb": [
        1,
        1,
        null,
        0,
        null,
        null,
        null,
        1,
        1,
        1,
        1,
        null,
        1,
        null,
        1,
        6,
        null,
        null,
        1,
        null,
        0,
        0,
        null,
        null,
        1,
        7,
        6,
        6,
        null,
        5,
        5,
        null,
        0,
        null,
        null,
        1,
        0,
        null,
        null,
        1,
        6,
        null,
        null,
        null
      ],
      "/Users/djensen/Projects/Praxis/attributor/lib/attributor/extras/field_selector/parser.rb": [
        1,
        1,
        1,
        6,
        6,
        6,
        6,
        1,
        null,
        null,
        null
      ],
      "/Users/djensen/Projects/Praxis/attributor/lib/attributor/extras/field_selector/transformer.rb": [
        1,
        1,
        1,
        1,
        19,
        16,
        null,
        3,
        3,
        null,
        null,
        19,
        null,
        null,
        1,
        8,
        null,
        1,
        null,
        7,
        18,
        null,
        null,
        0,
        null,
        null,
        null,
        null,
        null
      ]
    },
    "timestamp": 1546300019
  }
}
